::1 - - [29/Oct/2019:08:35:19 +0000] "GET / HTTP/1.1" 304 - "-" "Mozilla/5.0 (Windows NT 10.0; Win64; x64) AppleWebKit/537.36 (KHTML, like Gecko) Chrome/77.0.3865.120 Safari/537.36"
::1 - - [29/Oct/2019:08:35:19 +0000] "GET / HTTP/1.1" 304 - "-" "Mozilla/5.0 (Windows NT 10.0; Win64; x64) AppleWebKit/537.36 (KHTML, like Gecko) Chrome/77.0.3865.120 Safari/537.36"
::1 - - [29/Oct/2019:08:35:19 +0000] "GET / HTTP/1.1" 304 - "-" "Mozilla/5.0 (Windows NT 10.0; Win64; x64) AppleWebKit/537.36 (KHTML, like Gecko) Chrome/77.0.3865.120 Safari/537.36"
::1 - - [30/Oct/2019:08:44:22 +0000] "GET / HTTP/1.1" 200 24 "-" "Mozilla/5.0 (Windows NT 10.0; Win64; x64) AppleWebKit/537.36 (KHTML, like Gecko) Chrome/77.0.3865.120 Safari/537.36"
::1 - - [30/Oct/2019:08:44:22 +0000] "GET /favicon.ico HTTP/1.1" 200 54 "http://localhost:3000/" "Mozilla/5.0 (Windows NT 10.0; Win64; x64) AppleWebKit/537.36 (KHTML, like Gecko) Chrome/77.0.3865.120 Safari/537.36"
::1 - - [31/Oct/2019:01:53:58 +0000] "GET / HTTP/1.1" 304 - "-" "Mozilla/5.0 (Windows NT 10.0; Win64; x64) AppleWebKit/537.36 (KHTML, like Gecko) Chrome/77.0.3865.120 Safari/537.36"
::1 - - [31/Oct/2019:01:53:58 +0000] "GET /favicon.ico HTTP/1.1" 304 - "http://localhost:3000/" "Mozilla/5.0 (Windows NT 10.0; Win64; x64) AppleWebKit/537.36 (KHTML, like Gecko) Chrome/77.0.3865.120 Safari/537.36"
::1 - - [31/Oct/2019:02:04:38 +0000] "GET / HTTP/1.1" 304 - "-" "Mozilla/5.0 (Windows NT 10.0; Win64; x64) AppleWebKit/537.36 (KHTML, like Gecko) Chrome/77.0.3865.120 Safari/537.36"
::1 - - [31/Oct/2019:02:04:38 +0000] "GET /favicon.ico HTTP/1.1" 200 54 "http://localhost:3000/" "Mozilla/5.0 (Windows NT 10.0; Win64; x64) AppleWebKit/537.36 (KHTML, like Gecko) Chrome/77.0.3865.120 Safari/537.36"
::1 - - [31/Oct/2019:02:04:54 +0000] "GET / HTTP/1.1" 304 - "-" "Mozilla/5.0 (Windows NT 10.0; Win64; x64) AppleWebKit/537.36 (KHTML, like Gecko) Chrome/77.0.3865.120 Safari/537.36"
::1 - - [31/Oct/2019:02:04:54 +0000] "GET /favicon.ico HTTP/1.1" 200 54 "http://localhost:3000/" "Mozilla/5.0 (Windows NT 10.0; Win64; x64) AppleWebKit/537.36 (KHTML, like Gecko) Chrome/77.0.3865.120 Safari/537.36"
::1 - - [31/Oct/2019:02:04:54 +0000] "GET / HTTP/1.1" 304 - "-" "Mozilla/5.0 (Windows NT 10.0; Win64; x64) AppleWebKit/537.36 (KHTML, like Gecko) Chrome/77.0.3865.120 Safari/537.36"
::1 - - [31/Oct/2019:02:04:54 +0000] "GET /favicon.ico HTTP/1.1" 200 54 "http://localhost:3000/" "Mozilla/5.0 (Windows NT 10.0; Win64; x64) AppleWebKit/537.36 (KHTML, like Gecko) Chrome/77.0.3865.120 Safari/537.36"
::1 - - [31/Oct/2019:02:05:50 +0000] "GET / HTTP/1.1" 304 - "-" "Mozilla/5.0 (Windows NT 10.0; Win64; x64) AppleWebKit/537.36 (KHTML, like Gecko) Chrome/77.0.3865.120 Safari/537.36"
::1 - - [31/Oct/2019:02:05:50 +0000] "GET /favicon.ico HTTP/1.1" 200 54 "http://localhost:3000/" "Mozilla/5.0 (Windows NT 10.0; Win64; x64) AppleWebKit/537.36 (KHTML, like Gecko) Chrome/77.0.3865.120 Safari/537.36"
::1 - - [31/Oct/2019:02:05:51 +0000] "GET / HTTP/1.1" 304 - "-" "Mozilla/5.0 (Windows NT 10.0; Win64; x64) AppleWebKit/537.36 (KHTML, like Gecko) Chrome/77.0.3865.120 Safari/537.36"
::1 - - [31/Oct/2019:02:05:51 +0000] "GET /favicon.ico HTTP/1.1" 200 54 "http://localhost:3000/" "Mozilla/5.0 (Windows NT 10.0; Win64; x64) AppleWebKit/537.36 (KHTML, like Gecko) Chrome/77.0.3865.120 Safari/537.36"
::1 - - [31/Oct/2019:02:06:36 +0000] "GET / HTTP/1.1" 304 - "-" "Mozilla/5.0 (Windows NT 10.0; Win64; x64) AppleWebKit/537.36 (KHTML, like Gecko) Chrome/77.0.3865.120 Safari/537.36"
::1 - - [31/Oct/2019:02:06:36 +0000] "GET /favicon.ico HTTP/1.1" 200 54 "http://localhost:3000/" "Mozilla/5.0 (Windows NT 10.0; Win64; x64) AppleWebKit/537.36 (KHTML, like Gecko) Chrome/77.0.3865.120 Safari/537.36"
::1 - - [31/Oct/2019:02:06:36 +0000] "GET / HTTP/1.1" 304 - "-" "Mozilla/5.0 (Windows NT 10.0; Win64; x64) AppleWebKit/537.36 (KHTML, like Gecko) Chrome/77.0.3865.120 Safari/537.36"
::1 - - [31/Oct/2019:02:06:36 +0000] "GET /favicon.ico HTTP/1.1" 200 54 "http://localhost:3000/" "Mozilla/5.0 (Windows NT 10.0; Win64; x64) AppleWebKit/537.36 (KHTML, like Gecko) Chrome/77.0.3865.120 Safari/537.36"
::1 - - [31/Oct/2019:02:07:06 +0000] "GET / HTTP/1.1" 304 - "-" "Mozilla/5.0 (Windows NT 10.0; Win64; x64) AppleWebKit/537.36 (KHTML, like Gecko) Chrome/77.0.3865.120 Safari/537.36"
::1 - - [31/Oct/2019:02:07:06 +0000] "GET /favicon.ico HTTP/1.1" 200 54 "http://localhost:3000/" "Mozilla/5.0 (Windows NT 10.0; Win64; x64) AppleWebKit/537.36 (KHTML, like Gecko) Chrome/77.0.3865.120 Safari/537.36"
::1 - - [31/Oct/2019:02:13:02 +0000] "GET / HTTP/1.1" 304 - "-" "Mozilla/5.0 (Windows NT 10.0; Win64; x64) AppleWebKit/537.36 (KHTML, like Gecko) Chrome/77.0.3865.120 Safari/537.36"
::1 - - [31/Oct/2019:02:13:02 +0000] "GET /favicon.ico HTTP/1.1" 200 54 "http://localhost:3000/" "Mozilla/5.0 (Windows NT 10.0; Win64; x64) AppleWebKit/537.36 (KHTML, like Gecko) Chrome/77.0.3865.120 Safari/537.36"
::1 - - [31/Oct/2019:02:13:08 +0000] "GET /bill HTTP/1.1" 200 54 "-" "Mozilla/5.0 (Windows NT 10.0; Win64; x64) AppleWebKit/537.36 (KHTML, like Gecko) Chrome/77.0.3865.120 Safari/537.36"
::1 - - [31/Oct/2019:02:13:08 +0000] "GET /favicon.ico HTTP/1.1" 304 - "http://localhost:3000/bill" "Mozilla/5.0 (Windows NT 10.0; Win64; x64) AppleWebKit/537.36 (KHTML, like Gecko) Chrome/77.0.3865.120 Safari/537.36"
::1 - - [31/Oct/2019:02:15:16 +0000] "GET /user/login HTTP/1.1" 200 10 "-" "Mozilla/5.0 (Windows NT 10.0; Win64; x64) AppleWebKit/537.36 (KHTML, like Gecko) Chrome/77.0.3865.120 Safari/537.36"
::1 - - [31/Oct/2019:02:15:16 +0000] "GET /favicon.ico HTTP/1.1" 304 - "http://localhost:3000/user/login" "Mozilla/5.0 (Windows NT 10.0; Win64; x64) AppleWebKit/537.36 (KHTML, like Gecko) Chrome/77.0.3865.120 Safari/537.36"
::1 - - [31/Oct/2019:02:27:15 +0000] "GET /bill HTTP/1.1" 304 - "-" "Mozilla/5.0 (Windows NT 10.0; Win64; x64) AppleWebKit/537.36 (KHTML, like Gecko) Chrome/77.0.3865.120 Safari/537.36"
::1 - - [31/Oct/2019:02:27:15 +0000] "GET /favicon.ico HTTP/1.1" 304 - "http://localhost:3000/bill" "Mozilla/5.0 (Windows NT 10.0; Win64; x64) AppleWebKit/537.36 (KHTML, like Gecko) Chrome/77.0.3865.120 Safari/537.36"
::1 - - [31/Oct/2019:02:27:27 +0000] "GET /bill HTTP/1.1" 304 - "-" "Mozilla/5.0 (Windows NT 10.0; Win64; x64) AppleWebKit/537.36 (KHTML, like Gecko) Chrome/77.0.3865.120 Safari/537.36"
::1 - - [31/Oct/2019:02:27:27 +0000] "GET /favicon.ico HTTP/1.1" 200 54 "http://localhost:3000/bill" "Mozilla/5.0 (Windows NT 10.0; Win64; x64) AppleWebKit/537.36 (KHTML, like Gecko) Chrome/77.0.3865.120 Safari/537.36"
::1 - - [31/Oct/2019:02:27:28 +0000] "GET /bill HTTP/1.1" 304 - "-" "Mozilla/5.0 (Windows NT 10.0; Win64; x64) AppleWebKit/537.36 (KHTML, like Gecko) Chrome/77.0.3865.120 Safari/537.36"
::1 - - [31/Oct/2019:02:27:28 +0000] "GET /favicon.ico HTTP/1.1" 200 54 "http://localhost:3000/bill" "Mozilla/5.0 (Windows NT 10.0; Win64; x64) AppleWebKit/537.36 (KHTML, like Gecko) Chrome/77.0.3865.120 Safari/537.36"
::1 - - [31/Oct/2019:02:27:28 +0000] "GET /bill HTTP/1.1" 304 - "-" "Mozilla/5.0 (Windows NT 10.0; Win64; x64) AppleWebKit/537.36 (KHTML, like Gecko) Chrome/77.0.3865.120 Safari/537.36"
::1 - - [31/Oct/2019:02:27:28 +0000] "GET /favicon.ico HTTP/1.1" 200 54 "http://localhost:3000/bill" "Mozilla/5.0 (Windows NT 10.0; Win64; x64) AppleWebKit/537.36 (KHTML, like Gecko) Chrome/77.0.3865.120 Safari/537.36"
::1 - - [31/Oct/2019:02:29:34 +0000] "GET / HTTP/1.1" 304 - "-" "Mozilla/5.0 (Windows NT 10.0; Win64; x64) AppleWebKit/537.36 (KHTML, like Gecko) Chrome/77.0.3865.120 Safari/537.36"
::1 - - [31/Oct/2019:02:29:35 +0000] "GET /favicon.ico HTTP/1.1" 304 - "http://localhost:3000/" "Mozilla/5.0 (Windows NT 10.0; Win64; x64) AppleWebKit/537.36 (KHTML, like Gecko) Chrome/77.0.3865.120 Safari/537.36"
::1 - - [31/Oct/2019:02:29:35 +0000] "GET /bill HTTP/1.1" - - "-" "Mozilla/5.0 (Windows NT 10.0; Win64; x64) AppleWebKit/537.36 (KHTML, like Gecko) Chrome/77.0.3865.120 Safari/537.36"
::1 - - [31/Oct/2019:02:29:35 +0000] "GET /favicon.ico HTTP/1.1" 200 54 "http://localhost:3000/" "Mozilla/5.0 (Windows NT 10.0; Win64; x64) AppleWebKit/537.36 (KHTML, like Gecko) Chrome/77.0.3865.120 Safari/537.36"
::1 - - [31/Oct/2019:02:29:43 +0000] "GET /user/login HTTP/1.1" 304 - "-" "Mozilla/5.0 (Windows NT 10.0; Win64; x64) AppleWebKit/537.36 (KHTML, like Gecko) Chrome/77.0.3865.120 Safari/537.36"
::1 - - [31/Oct/2019:02:29:43 +0000] "GET /favicon.ico HTTP/1.1" 304 - "http://localhost:3000/user/login" "Mozilla/5.0 (Windows NT 10.0; Win64; x64) AppleWebKit/537.36 (KHTML, like Gecko) Chrome/77.0.3865.120 Safari/537.36"
::1 - - [31/Oct/2019:02:30:17 +0000] "GET /user/login HTTP/1.1" 304 - "-" "Mozilla/5.0 (Windows NT 10.0; Win64; x64) AppleWebKit/537.36 (KHTML, like Gecko) Chrome/77.0.3865.120 Safari/537.36"
::1 - - [31/Oct/2019:02:30:17 +0000] "GET /favicon.ico HTTP/1.1" 200 54 "http://localhost:3000/user/login" "Mozilla/5.0 (Windows NT 10.0; Win64; x64) AppleWebKit/537.36 (KHTML, like Gecko) Chrome/77.0.3865.120 Safari/537.36"
::1 - - [31/Oct/2019:02:30:17 +0000] "GET /user/login HTTP/1.1" 304 - "-" "Mozilla/5.0 (Windows NT 10.0; Win64; x64) AppleWebKit/537.36 (KHTML, like Gecko) Chrome/77.0.3865.120 Safari/537.36"
::1 - - [31/Oct/2019:02:30:17 +0000] "GET /favicon.ico HTTP/1.1" 200 54 "http://localhost:3000/user/login" "Mozilla/5.0 (Windows NT 10.0; Win64; x64) AppleWebKit/537.36 (KHTML, like Gecko) Chrome/77.0.3865.120 Safari/537.36"
::1 - - [31/Oct/2019:02:30:17 +0000] "GET /user/login HTTP/1.1" 304 - "-" "Mozilla/5.0 (Windows NT 10.0; Win64; x64) AppleWebKit/537.36 (KHTML, like Gecko) Chrome/77.0.3865.120 Safari/537.36"
::1 - - [31/Oct/2019:02:30:17 +0000] "GET /favicon.ico HTTP/1.1" 200 54 "http://localhost:3000/user/login" "Mozilla/5.0 (Windows NT 10.0; Win64; x64) AppleWebKit/537.36 (KHTML, like Gecko) Chrome/77.0.3865.120 Safari/537.36"
::1 - - [31/Oct/2019:02:30:17 +0000] "GET /user/login HTTP/1.1" 304 - "-" "Mozilla/5.0 (Windows NT 10.0; Win64; x64) AppleWebKit/537.36 (KHTML, like Gecko) Chrome/77.0.3865.120 Safari/537.36"
::1 - - [31/Oct/2019:02:30:17 +0000] "GET /favicon.ico HTTP/1.1" 200 54 "http://localhost:3000/user/login" "Mozilla/5.0 (Windows NT 10.0; Win64; x64) AppleWebKit/537.36 (KHTML, like Gecko) Chrome/77.0.3865.120 Safari/537.36"
::1 - - [31/Oct/2019:02:30:22 +0000] "GET / HTTP/1.1" 304 - "-" "Mozilla/5.0 (Windows NT 10.0; Win64; x64) AppleWebKit/537.36 (KHTML, like Gecko) Chrome/77.0.3865.120 Safari/537.36"
::1 - - [31/Oct/2019:02:30:22 +0000] "GET /favicon.ico HTTP/1.1" 304 - "http://localhost:3000/" "Mozilla/5.0 (Windows NT 10.0; Win64; x64) AppleWebKit/537.36 (KHTML, like Gecko) Chrome/77.0.3865.120 Safari/537.36"
::1 - - [31/Oct/2019:02:30:44 +0000] "GET / HTTP/1.1" 304 - "-" "Mozilla/5.0 (Windows NT 10.0; Win64; x64) AppleWebKit/537.36 (KHTML, like Gecko) Chrome/77.0.3865.120 Safari/537.36"
::1 - - [31/Oct/2019:02:30:45 +0000] "GET /favicon.ico HTTP/1.1" 200 54 "http://localhost:3000/" "Mozilla/5.0 (Windows NT 10.0; Win64; x64) AppleWebKit/537.36 (KHTML, like Gecko) Chrome/77.0.3865.120 Safari/537.36"
::1 - - [31/Oct/2019:02:30:45 +0000] "GET / HTTP/1.1" 304 - "-" "Mozilla/5.0 (Windows NT 10.0; Win64; x64) AppleWebKit/537.36 (KHTML, like Gecko) Chrome/77.0.3865.120 Safari/537.36"
::1 - - [31/Oct/2019:02:30:45 +0000] "GET /favicon.ico HTTP/1.1" 200 54 "http://localhost:3000/" "Mozilla/5.0 (Windows NT 10.0; Win64; x64) AppleWebKit/537.36 (KHTML, like Gecko) Chrome/77.0.3865.120 Safari/537.36"
::1 - - [31/Oct/2019:02:31:32 +0000] "GET / HTTP/1.1" 304 - "-" "Mozilla/5.0 (Windows NT 10.0; Win64; x64) AppleWebKit/537.36 (KHTML, like Gecko) Chrome/77.0.3865.120 Safari/537.36"
::1 - - [31/Oct/2019:02:31:32 +0000] "GET /favicon.ico HTTP/1.1" 200 54 "http://localhost:3000/" "Mozilla/5.0 (Windows NT 10.0; Win64; x64) AppleWebKit/537.36 (KHTML, like Gecko) Chrome/77.0.3865.120 Safari/537.36"
::1 - - [31/Oct/2019:02:31:33 +0000] "GET / HTTP/1.1" 304 - "-" "Mozilla/5.0 (Windows NT 10.0; Win64; x64) AppleWebKit/537.36 (KHTML, like Gecko) Chrome/77.0.3865.120 Safari/537.36"
::1 - - [31/Oct/2019:02:31:33 +0000] "GET /favicon.ico HTTP/1.1" 200 54 "http://localhost:3000/" "Mozilla/5.0 (Windows NT 10.0; Win64; x64) AppleWebKit/537.36 (KHTML, like Gecko) Chrome/77.0.3865.120 Safari/537.36"
::1 - - [31/Oct/2019:02:31:33 +0000] "GET / HTTP/1.1" 304 - "-" "Mozilla/5.0 (Windows NT 10.0; Win64; x64) AppleWebKit/537.36 (KHTML, like Gecko) Chrome/77.0.3865.120 Safari/537.36"
::1 - - [31/Oct/2019:02:31:33 +0000] "GET /favicon.ico HTTP/1.1" 200 54 "http://localhost:3000/" "Mozilla/5.0 (Windows NT 10.0; Win64; x64) AppleWebKit/537.36 (KHTML, like Gecko) Chrome/77.0.3865.120 Safari/537.36"
::1 - - [31/Oct/2019:02:31:59 +0000] "GET /bill HTTP/1.1" - - "-" "Mozilla/5.0 (Windows NT 10.0; Win64; x64) AppleWebKit/537.36 (KHTML, like Gecko) Chrome/77.0.3865.120 Safari/537.36"
::1 - - [31/Oct/2019:02:36:56 +0000] "GET /bill/queryBillByScan HTTP/1.1" 404 292 "-" "Mozilla/5.0 (Windows NT 10.0; Win64; x64) AppleWebKit/537.36 (KHTML, like Gecko) Chrome/77.0.3865.120 Safari/537.36"
::1 - - [31/Oct/2019:02:36:56 +0000] "GET /favicon.ico HTTP/1.1" 304 - "http://localhost:3000/bill/queryBillByScan" "Mozilla/5.0 (Windows NT 10.0; Win64; x64) AppleWebKit/537.36 (KHTML, like Gecko) Chrome/77.0.3865.120 Safari/537.36"
::1 - - [31/Oct/2019:02:38:00 +0000] "GET / HTTP/1.1" 304 - "-" "Mozilla/5.0 (Windows NT 10.0; Win64; x64) AppleWebKit/537.36 (KHTML, like Gecko) Chrome/77.0.3865.120 Safari/537.36"
::1 - - [31/Oct/2019:02:38:00 +0000] "GET /favicon.ico HTTP/1.1" 304 - "http://localhost:3000/" "Mozilla/5.0 (Windows NT 10.0; Win64; x64) AppleWebKit/537.36 (KHTML, like Gecko) Chrome/77.0.3865.120 Safari/537.36"
::1 - - [31/Oct/2019:02:38:29 +0000] "GET / HTTP/1.1" 304 - "-" "Mozilla/5.0 (Windows NT 10.0; Win64; x64) AppleWebKit/537.36 (KHTML, like Gecko) Chrome/77.0.3865.120 Safari/537.36"
::1 - - [31/Oct/2019:02:38:29 +0000] "GET /favicon.ico HTTP/1.1" 200 54 "http://localhost:3000/" "Mozilla/5.0 (Windows NT 10.0; Win64; x64) AppleWebKit/537.36 (KHTML, like Gecko) Chrome/77.0.3865.120 Safari/537.36"
::1 - - [31/Oct/2019:02:38:30 +0000] "GET / HTTP/1.1" 304 - "-" "Mozilla/5.0 (Windows NT 10.0; Win64; x64) AppleWebKit/537.36 (KHTML, like Gecko) Chrome/77.0.3865.120 Safari/537.36"
::1 - - [31/Oct/2019:02:38:30 +0000] "GET /favicon.ico HTTP/1.1" 200 54 "http://localhost:3000/" "Mozilla/5.0 (Windows NT 10.0; Win64; x64) AppleWebKit/537.36 (KHTML, like Gecko) Chrome/77.0.3865.120 Safari/537.36"
::1 - - [31/Oct/2019:02:38:30 +0000] "GET / HTTP/1.1" 304 - "-" "Mozilla/5.0 (Windows NT 10.0; Win64; x64) AppleWebKit/537.36 (KHTML, like Gecko) Chrome/77.0.3865.120 Safari/537.36"
::1 - - [31/Oct/2019:02:38:30 +0000] "GET /favicon.ico HTTP/1.1" 200 54 "http://localhost:3000/" "Mozilla/5.0 (Windows NT 10.0; Win64; x64) AppleWebKit/537.36 (KHTML, like Gecko) Chrome/77.0.3865.120 Safari/537.36"
::1 - - [31/Oct/2019:02:38:30 +0000] "GET / HTTP/1.1" 304 - "-" "Mozilla/5.0 (Windows NT 10.0; Win64; x64) AppleWebKit/537.36 (KHTML, like Gecko) Chrome/77.0.3865.120 Safari/537.36"
::1 - - [31/Oct/2019:02:38:30 +0000] "GET /favicon.ico HTTP/1.1" 200 54 "http://localhost:3000/" "Mozilla/5.0 (Windows NT 10.0; Win64; x64) AppleWebKit/537.36 (KHTML, like Gecko) Chrome/77.0.3865.120 Safari/537.36"
::1 - - [31/Oct/2019:02:38:30 +0000] "GET / HTTP/1.1" 304 - "-" "Mozilla/5.0 (Windows NT 10.0; Win64; x64) AppleWebKit/537.36 (KHTML, like Gecko) Chrome/77.0.3865.120 Safari/537.36"
::1 - - [31/Oct/2019:02:38:30 +0000] "GET /favicon.ico HTTP/1.1" 200 54 "http://localhost:3000/" "Mozilla/5.0 (Windows NT 10.0; Win64; x64) AppleWebKit/537.36 (KHTML, like Gecko) Chrome/77.0.3865.120 Safari/537.36"
::1 - - [31/Oct/2019:02:38:31 +0000] "GET / HTTP/1.1" 304 - "-" "Mozilla/5.0 (Windows NT 10.0; Win64; x64) AppleWebKit/537.36 (KHTML, like Gecko) Chrome/77.0.3865.120 Safari/537.36"
::1 - - [31/Oct/2019:02:38:31 +0000] "GET /favicon.ico HTTP/1.1" 200 54 "http://localhost:3000/" "Mozilla/5.0 (Windows NT 10.0; Win64; x64) AppleWebKit/537.36 (KHTML, like Gecko) Chrome/77.0.3865.120 Safari/537.36"
::1 - - [31/Oct/2019:02:57:04 +0000] "POST /bill HTTP/1.1" 200 54 "-" "PostmanRuntime/7.19.0"
::ffff:127.0.0.1 - - [31/Oct/2019:02:57:38 +0000] "POST /bill HTTP/1.1" 200 54 "-" "PostmanRuntime/7.19.0"
::1 - - [13/Nov/2019:01:39:40 +0000] "POST /user/login HTTP/1.1" 200 370 "-" "PostmanRuntime/7.19.0"
::1 - - [13/Nov/2019:01:41:03 +0000] "POST /user/login HTTP/1.1" 200 370 "-" "PostmanRuntime/7.19.0"
::1 - - [13/Nov/2019:02:55:26 +0000] "POST /user/login HTTP/1.1" 200 48 "-" "PostmanRuntime/7.19.0"
::1 - - [13/Nov/2019:03:06:25 +0000] "POST /user/userInfo HTTP/1.1" 200 54 "-" "PostmanRuntime/7.19.0"
::1 - - [13/Nov/2019:03:06:36 +0000] "POST /user/login HTTP/1.1" 200 370 "-" "PostmanRuntime/7.19.0"
::1 - - [13/Nov/2019:03:07:02 +0000] "POST /user/userInfo HTTP/1.1" 200 52 "-" "PostmanRuntime/7.19.0"
::1 - - [13/Nov/2019:03:07:14 +0000] "POST /user/userInfo HTTP/1.1" 200 34 "-" "PostmanRuntime/7.19.0"
::1 - - [13/Nov/2019:03:09:09 +0000] "POST /user/userInfo HTTP/1.1" 200 34 "-" "PostmanRuntime/7.19.0"
::ffff:127.0.0.1 - - [13/Nov/2019:03:12:09 +0000] "POST /user/userInfo HTTP/1.1" 200 34 "-" "PostmanRuntime/7.19.0"
::1 - - [13/Nov/2019:03:12:43 +0000] "POST /user/userInfo HTTP/1.1" 200 34 "-" "PostmanRuntime/7.19.0"
::1 - - [13/Nov/2019:03:13:44 +0000] "POST /user/userInfo HTTP/1.1" 200 39 "-" "PostmanRuntime/7.19.0"
::1 - - [13/Nov/2019:03:13:53 +0000] "POST /user/userInfo HTTP/1.1" 200 52 "-" "PostmanRuntime/7.19.0"
::1 - - [13/Nov/2019:03:15:41 +0000] "POST /user/userInfo HTTP/1.1" 200 52 "-" "PostmanRuntime/7.19.0"
::1 - - [13/Nov/2019:06:15:06 +0000] "POST /user/userInfo HTTP/1.1" 200 52 "-" "PostmanRuntime/7.19.0"
::1 - - [13/Nov/2019:06:15:10 +0000] "POST /user/userInfo HTTP/1.1" 200 52 "-" "PostmanRuntime/7.19.0"
::1 - - [13/Nov/2019:06:15:26 +0000] "POST /user/login HTTP/1.1" 200 370 "-" "PostmanRuntime/7.19.0"
::1 - - [13/Nov/2019:06:18:54 +0000] "POST /user/login HTTP/1.1" 200 370 "http://localhost:9527/" "Mozilla/5.0 (Windows NT 10.0; Win64; x64) AppleWebKit/537.36 (KHTML, like Gecko) Chrome/78.0.3904.97 Safari/537.36"
::1 - - [13/Nov/2019:06:18:54 +0000] "POST /user/userInfo HTTP/1.1" 200 52 "http://localhost:9527/" "Mozilla/5.0 (Windows NT 10.0; Win64; x64) AppleWebKit/537.36 (KHTML, like Gecko) Chrome/78.0.3904.97 Safari/537.36"
::1 - - [13/Nov/2019:06:20:07 +0000] "POST /bill/getBillInfo HTTP/1.1" 200 33 "http://localhost:9527/" "Mozilla/5.0 (Windows NT 10.0; Win64; x64) AppleWebKit/537.36 (KHTML, like Gecko) Chrome/78.0.3904.97 Safari/537.36"
::1 - - [13/Nov/2019:06:22:54 +0000] "POST /bill/getBillInfo HTTP/1.1" 200 33 "http://localhost:9527/" "Mozilla/5.0 (Windows NT 10.0; Win64; x64) AppleWebKit/537.36 (KHTML, like Gecko) Chrome/78.0.3904.97 Safari/537.36"
::1 - - [13/Nov/2019:06:22:55 +0000] "POST /bill/queryBillByCode HTTP/1.1" 200 1290 "http://localhost:9527/" "Mozilla/5.0 (Windows NT 10.0; Win64; x64) AppleWebKit/537.36 (KHTML, like Gecko) Chrome/78.0.3904.97 Safari/537.36"
::1 - - [13/Nov/2019:06:22:56 +0000] "POST /manager/queryAllUser HTTP/1.1" 200 179 "http://localhost:9527/" "Mozilla/5.0 (Windows NT 10.0; Win64; x64) AppleWebKit/537.36 (KHTML, like Gecko) Chrome/78.0.3904.97 Safari/537.36"
::1 - - [13/Nov/2019:06:22:56 +0000] "POST /manager/queryAllBm HTTP/1.1" 200 426 "http://localhost:9527/" "Mozilla/5.0 (Windows NT 10.0; Win64; x64) AppleWebKit/537.36 (KHTML, like Gecko) Chrome/78.0.3904.97 Safari/537.36"
::1 - - [13/Nov/2019:06:23:30 +0000] "POST /user/userInfo HTTP/1.1" 200 52 "http://localhost:9527/" "Mozilla/5.0 (Windows NT 10.0; Win64; x64) AppleWebKit/537.36 (KHTML, like Gecko) Chrome/78.0.3904.97 Safari/537.36"
::1 - - [13/Nov/2019:06:23:33 +0000] "POST /bill/getBillInfo HTTP/1.1" 200 33 "http://localhost:9527/" "Mozilla/5.0 (Windows NT 10.0; Win64; x64) AppleWebKit/537.36 (KHTML, like Gecko) Chrome/78.0.3904.97 Safari/537.36"
::1 - - [13/Nov/2019:06:23:34 +0000] "POST /bill/queryBillByCode HTTP/1.1" 200 1330 "http://localhost:9527/" "Mozilla/5.0 (Windows NT 10.0; Win64; x64) AppleWebKit/537.36 (KHTML, like Gecko) Chrome/78.0.3904.97 Safari/537.36"
::1 - - [13/Nov/2019:06:23:34 +0000] "POST /manager/queryAllUser HTTP/1.1" 200 179 "http://localhost:9527/" "Mozilla/5.0 (Windows NT 10.0; Win64; x64) AppleWebKit/537.36 (KHTML, like Gecko) Chrome/78.0.3904.97 Safari/537.36"
::1 - - [13/Nov/2019:06:23:34 +0000] "POST /manager/queryAllBm HTTP/1.1" 200 426 "http://localhost:9527/" "Mozilla/5.0 (Windows NT 10.0; Win64; x64) AppleWebKit/537.36 (KHTML, like Gecko) Chrome/78.0.3904.97 Safari/537.36"
::1 - - [13/Nov/2019:06:27:12 +0000] "POST /bill/getBillList HTTP/1.1" 200 667 "http://localhost:9527/" "Mozilla/5.0 (Windows NT 10.0; Win64; x64) AppleWebKit/537.36 (KHTML, like Gecko) Chrome/78.0.3904.97 Safari/537.36"
::1 - - [13/Nov/2019:06:27:12 +0000] "POST /bill/getBillType HTTP/1.1" 200 435 "http://localhost:9527/" "Mozilla/5.0 (Windows NT 10.0; Win64; x64) AppleWebKit/537.36 (KHTML, like Gecko) Chrome/78.0.3904.97 Safari/537.36"
::1 - - [13/Nov/2019:06:27:12 +0000] "POST /manager/queryAllBm HTTP/1.1" 200 426 "http://localhost:9527/" "Mozilla/5.0 (Windows NT 10.0; Win64; x64) AppleWebKit/537.36 (KHTML, like Gecko) Chrome/78.0.3904.97 Safari/537.36"
::1 - - [13/Nov/2019:06:27:15 +0000] "POST /bill/getBillInfo HTTP/1.1" 200 33 "http://localhost:9527/" "Mozilla/5.0 (Windows NT 10.0; Win64; x64) AppleWebKit/537.36 (KHTML, like Gecko) Chrome/78.0.3904.97 Safari/537.36"
::1 - - [13/Nov/2019:06:27:15 +0000] "POST /bill/queryBillByCode HTTP/1.1" 200 1330 "http://localhost:9527/" "Mozilla/5.0 (Windows NT 10.0; Win64; x64) AppleWebKit/537.36 (KHTML, like Gecko) Chrome/78.0.3904.97 Safari/537.36"
::1 - - [13/Nov/2019:06:27:16 +0000] "POST /manager/queryAllBm HTTP/1.1" 200 426 "http://localhost:9527/" "Mozilla/5.0 (Windows NT 10.0; Win64; x64) AppleWebKit/537.36 (KHTML, like Gecko) Chrome/78.0.3904.97 Safari/537.36"
::1 - - [13/Nov/2019:06:27:16 +0000] "POST /manager/queryAllUser HTTP/1.1" 200 179 "http://localhost:9527/" "Mozilla/5.0 (Windows NT 10.0; Win64; x64) AppleWebKit/537.36 (KHTML, like Gecko) Chrome/78.0.3904.97 Safari/537.36"
::1 - - [13/Nov/2019:06:27:46 +0000] "POST /bill/getBillInfo HTTP/1.1" 200 33 "http://localhost:9527/" "Mozilla/5.0 (Windows NT 10.0; Win64; x64) AppleWebKit/537.36 (KHTML, like Gecko) Chrome/78.0.3904.97 Safari/537.36"
::1 - - [13/Nov/2019:06:27:46 +0000] "POST /bill/queryBillByCode HTTP/1.1" 200 1290 "http://localhost:9527/" "Mozilla/5.0 (Windows NT 10.0; Win64; x64) AppleWebKit/537.36 (KHTML, like Gecko) Chrome/78.0.3904.97 Safari/537.36"
::1 - - [13/Nov/2019:06:27:47 +0000] "POST /manager/queryAllUser HTTP/1.1" 200 179 "http://localhost:9527/" "Mozilla/5.0 (Windows NT 10.0; Win64; x64) AppleWebKit/537.36 (KHTML, like Gecko) Chrome/78.0.3904.97 Safari/537.36"
::1 - - [13/Nov/2019:06:27:47 +0000] "POST /manager/queryAllBm HTTP/1.1" 200 426 "http://localhost:9527/" "Mozilla/5.0 (Windows NT 10.0; Win64; x64) AppleWebKit/537.36 (KHTML, like Gecko) Chrome/78.0.3904.97 Safari/537.36"
::1 - - [13/Nov/2019:06:56:03 +0000] "POST /bill/getBillInfo HTTP/1.1" 200 33 "http://localhost:9527/" "Mozilla/5.0 (Windows NT 10.0; Win64; x64) AppleWebKit/537.36 (KHTML, like Gecko) Chrome/78.0.3904.97 Safari/537.36"
::1 - - [13/Nov/2019:06:56:04 +0000] "POST /bill/queryBillByCode HTTP/1.1" 200 1290 "http://localhost:9527/" "Mozilla/5.0 (Windows NT 10.0; Win64; x64) AppleWebKit/537.36 (KHTML, like Gecko) Chrome/78.0.3904.97 Safari/537.36"
::1 - - [13/Nov/2019:06:56:04 +0000] "POST /manager/queryAllUser HTTP/1.1" 200 179 "http://localhost:9527/" "Mozilla/5.0 (Windows NT 10.0; Win64; x64) AppleWebKit/537.36 (KHTML, like Gecko) Chrome/78.0.3904.97 Safari/537.36"
::1 - - [13/Nov/2019:06:56:04 +0000] "POST /manager/queryAllBm HTTP/1.1" 200 426 "http://localhost:9527/" "Mozilla/5.0 (Windows NT 10.0; Win64; x64) AppleWebKit/537.36 (KHTML, like Gecko) Chrome/78.0.3904.97 Safari/537.36"
::1 - - [19/Nov/2019:06:20:51 +0000] "POST /bill/getBillInfo HTTP/1.1" 200 1745 "http://localhost:17022/" "Mozilla/5.0 (Windows NT 10.0; Win64; x64) AppleWebKit/537.36 (KHTML, like Gecko) Chrome/78.0.3904.97 Safari/537.36"
::1 - - [19/Nov/2019:06:20:51 +0000] "POST /manager/queryAllUser HTTP/1.1" 200 614 "http://localhost:17022/" "Mozilla/5.0 (Windows NT 10.0; Win64; x64) AppleWebKit/537.36 (KHTML, like Gecko) Chrome/78.0.3904.97 Safari/537.36"
::1 - - [19/Nov/2019:06:20:51 +0000] "POST /manager/queryAllBm HTTP/1.1" 200 603 "http://localhost:17022/" "Mozilla/5.0 (Windows NT 10.0; Win64; x64) AppleWebKit/537.36 (KHTML, like Gecko) Chrome/78.0.3904.97 Safari/537.36"
::1 - - [19/Nov/2019:06:21:21 +0000] "POST /bill/getBillType HTTP/1.1" 200 435 "http://localhost:17022/" "Mozilla/5.0 (Windows NT 10.0; Win64; x64) AppleWebKit/537.36 (KHTML, like Gecko) Chrome/78.0.3904.97 Safari/537.36"
::1 - - [19/Nov/2019:06:21:21 +0000] "POST /manager/getBillTypeCount HTTP/1.1" 200 103 "http://localhost:17022/" "Mozilla/5.0 (Windows NT 10.0; Win64; x64) AppleWebKit/537.36 (KHTML, like Gecko) Chrome/78.0.3904.97 Safari/537.36"
::1 - - [19/Nov/2019:06:21:21 +0000] "POST /manager/getBillCount HTTP/1.1" 200 102 "http://localhost:17022/" "Mozilla/5.0 (Windows NT 10.0; Win64; x64) AppleWebKit/537.36 (KHTML, like Gecko) Chrome/78.0.3904.97 Safari/537.36"
::1 - - [19/Nov/2019:06:21:21 +0000] "POST /manager/getCensus HTTP/1.1" 200 64 "http://localhost:17022/" "Mozilla/5.0 (Windows NT 10.0; Win64; x64) AppleWebKit/537.36 (KHTML, like Gecko) Chrome/78.0.3904.97 Safari/537.36"
::1 - - [19/Nov/2019:06:21:23 +0000] "POST /manager/getBillTypeCount HTTP/1.1" 200 184 "http://localhost:17022/" "Mozilla/5.0 (Windows NT 10.0; Win64; x64) AppleWebKit/537.36 (KHTML, like Gecko) Chrome/78.0.3904.97 Safari/537.36"
::1 - - [19/Nov/2019:06:21:25 +0000] "POST /manager/getBillTypeCount HTTP/1.1" 200 103 "http://localhost:17022/" "Mozilla/5.0 (Windows NT 10.0; Win64; x64) AppleWebKit/537.36 (KHTML, like Gecko) Chrome/78.0.3904.97 Safari/537.36"
::1 - - [19/Nov/2019:06:21:25 +0000] "POST /manager/getBillTypeCount HTTP/1.1" 200 184 "http://localhost:17022/" "Mozilla/5.0 (Windows NT 10.0; Win64; x64) AppleWebKit/537.36 (KHTML, like Gecko) Chrome/78.0.3904.97 Safari/537.36"
::1 - - [05/Dec/2019:05:25:43 +0000] "POST /user/login HTTP/1.1" 200 358 "http://localhost:9527/" "Mozilla/5.0 (Windows NT 10.0; Win64; x64) AppleWebKit/537.36 (KHTML, like Gecko) Chrome/78.0.3904.108 Safari/537.36"
::1 - - [05/Dec/2019:05:25:43 +0000] "POST /user/userInfo HTTP/1.1" 200 52 "http://localhost:9527/" "Mozilla/5.0 (Windows NT 10.0; Win64; x64) AppleWebKit/537.36 (KHTML, like Gecko) Chrome/78.0.3904.108 Safari/537.36"
::1 - - [05/Dec/2019:05:25:44 +0000] "POST /bill/getBillType HTTP/1.1" 200 482 "http://localhost:9527/" "Mozilla/5.0 (Windows NT 10.0; Win64; x64) AppleWebKit/537.36 (KHTML, like Gecko) Chrome/78.0.3904.108 Safari/537.36"
::1 - - [05/Dec/2019:05:25:44 +0000] "POST /manager/getBillCount HTTP/1.1" 200 156 "http://localhost:9527/" "Mozilla/5.0 (Windows NT 10.0; Win64; x64) AppleWebKit/537.36 (KHTML, like Gecko) Chrome/78.0.3904.108 Safari/537.36"
::1 - - [05/Dec/2019:05:25:44 +0000] "POST /manager/getCensus HTTP/1.1" 200 64 "http://localhost:9527/" "Mozilla/5.0 (Windows NT 10.0; Win64; x64) AppleWebKit/537.36 (KHTML, like Gecko) Chrome/78.0.3904.108 Safari/537.36"
::1 - - [05/Dec/2019:05:25:44 +0000] "POST /manager/getBillTypeCount HTTP/1.1" 200 20 "http://localhost:9527/" "Mozilla/5.0 (Windows NT 10.0; Win64; x64) AppleWebKit/537.36 (KHTML, like Gecko) Chrome/78.0.3904.108 Safari/537.36"
::1 - - [05/Dec/2019:05:25:45 +0000] "POST /user/userInfo HTTP/1.1" 200 52 "http://localhost:9527/" "Mozilla/5.0 (Windows NT 10.0; Win64; x64) AppleWebKit/537.36 (KHTML, like Gecko) Chrome/78.0.3904.108 Safari/537.36"
::1 - - [05/Dec/2019:05:25:45 +0000] "POST /user/userInfo HTTP/1.1" 200 52 "http://localhost:9527/" "Mozilla/5.0 (Windows NT 10.0; Win64; x64) AppleWebKit/537.36 (KHTML, like Gecko) Chrome/78.0.3904.108 Safari/537.36"
::1 - - [05/Dec/2019:05:25:46 +0000] "POST /bill/getBillType HTTP/1.1" 200 482 "http://localhost:9527/" "Mozilla/5.0 (Windows NT 10.0; Win64; x64) AppleWebKit/537.36 (KHTML, like Gecko) Chrome/78.0.3904.108 Safari/537.36"
::1 - - [05/Dec/2019:05:25:46 +0000] "POST /manager/getBillCount HTTP/1.1" 200 156 "http://localhost:9527/" "Mozilla/5.0 (Windows NT 10.0; Win64; x64) AppleWebKit/537.36 (KHTML, like Gecko) Chrome/78.0.3904.108 Safari/537.36"
::1 - - [05/Dec/2019:05:25:46 +0000] "POST /manager/getCensus HTTP/1.1" 200 64 "http://localhost:9527/" "Mozilla/5.0 (Windows NT 10.0; Win64; x64) AppleWebKit/537.36 (KHTML, like Gecko) Chrome/78.0.3904.108 Safari/537.36"
::1 - - [05/Dec/2019:05:25:46 +0000] "POST /manager/getBillTypeCount HTTP/1.1" 200 20 "http://localhost:9527/" "Mozilla/5.0 (Windows NT 10.0; Win64; x64) AppleWebKit/537.36 (KHTML, like Gecko) Chrome/78.0.3904.108 Safari/537.36"
::1 - - [05/Dec/2019:05:25:46 +0000] "POST /bill/getBillType HTTP/1.1" 200 482 "http://localhost:9527/" "Mozilla/5.0 (Windows NT 10.0; Win64; x64) AppleWebKit/537.36 (KHTML, like Gecko) Chrome/78.0.3904.108 Safari/537.36"
::1 - - [05/Dec/2019:05:25:46 +0000] "POST /manager/getBillCount HTTP/1.1" 200 156 "http://localhost:9527/" "Mozilla/5.0 (Windows NT 10.0; Win64; x64) AppleWebKit/537.36 (KHTML, like Gecko) Chrome/78.0.3904.108 Safari/537.36"
::1 - - [05/Dec/2019:05:25:46 +0000] "POST /manager/getCensus HTTP/1.1" 200 64 "http://localhost:9527/" "Mozilla/5.0 (Windows NT 10.0; Win64; x64) AppleWebKit/537.36 (KHTML, like Gecko) Chrome/78.0.3904.108 Safari/537.36"
::1 - - [05/Dec/2019:05:25:46 +0000] "POST /manager/getBillTypeCount HTTP/1.1" 200 20 "http://localhost:9527/" "Mozilla/5.0 (Windows NT 10.0; Win64; x64) AppleWebKit/537.36 (KHTML, like Gecko) Chrome/78.0.3904.108 Safari/537.36"
::1 - - [05/Dec/2019:05:30:01 +0000] "POST /user/userInfo HTTP/1.1" 200 52 "http://localhost:9527/" "Mozilla/5.0 (Windows NT 10.0; Win64; x64) AppleWebKit/537.36 (KHTML, like Gecko) Chrome/78.0.3904.108 Safari/537.36"
::1 - - [05/Dec/2019:06:13:26 +0000] "POST /user/userInfo HTTP/1.1" 200 52 "http://localhost:9527/" "Mozilla/5.0 (Windows NT 10.0; Win64; x64) AppleWebKit/537.36 (KHTML, like Gecko) Chrome/78.0.3904.108 Safari/537.36"
::1 - - [05/Dec/2019:06:13:59 +0000] "POST /user/userInfo HTTP/1.1" 200 52 "http://localhost:9527/" "Mozilla/5.0 (Windows NT 10.0; Win64; x64) AppleWebKit/537.36 (KHTML, like Gecko) Chrome/78.0.3904.108 Safari/537.36"
::1 - - [05/Dec/2019:06:15:08 +0000] "POST /user/userInfo HTTP/1.1" 200 52 "http://localhost:9527/" "Mozilla/5.0 (Windows NT 10.0; Win64; x64) AppleWebKit/537.36 (KHTML, like Gecko) Chrome/78.0.3904.108 Safari/537.36"
::1 - - [05/Dec/2019:06:31:51 +0000] "POST /user/userInfo HTTP/1.1" 200 52 "http://localhost:9527/" "Mozilla/5.0 (Windows NT 10.0; Win64; x64) AppleWebKit/537.36 (KHTML, like Gecko) Chrome/78.0.3904.108 Safari/537.36"
::1 - - [05/Dec/2019:06:37:45 +0000] "POST /user/userInfo HTTP/1.1" 200 52 "http://localhost:9527/" "Mozilla/5.0 (Windows NT 10.0; Win64; x64) AppleWebKit/537.36 (KHTML, like Gecko) Chrome/78.0.3904.108 Safari/537.36"
::1 - - [05/Dec/2019:06:40:09 +0000] "POST /user/userInfo HTTP/1.1" 200 52 "http://localhost:9527/" "Mozilla/5.0 (Windows NT 10.0; Win64; x64) AppleWebKit/537.36 (KHTML, like Gecko) Chrome/78.0.3904.108 Safari/537.36"
::1 - - [05/Dec/2019:06:54:19 +0000] "POST /user/userInfo HTTP/1.1" 200 52 "http://localhost:9527/" "Mozilla/5.0 (Windows NT 10.0; Win64; x64) AppleWebKit/537.36 (KHTML, like Gecko) Chrome/78.0.3904.108 Safari/537.36"
::1 - - [11/Dec/2019:05:57:25 +0000] "POST /user/login HTTP/1.1" 200 358 "http://localhost:9527/" "Mozilla/5.0 (Windows NT 10.0; Win64; x64) AppleWebKit/537.36 (KHTML, like Gecko) Chrome/78.0.3904.108 Safari/537.36"
::1 - - [11/Dec/2019:05:57:25 +0000] "POST /user/userInfo HTTP/1.1" 200 52 "http://localhost:9527/" "Mozilla/5.0 (Windows NT 10.0; Win64; x64) AppleWebKit/537.36 (KHTML, like Gecko) Chrome/78.0.3904.108 Safari/537.36"
::1 - - [11/Dec/2019:05:57:25 +0000] "POST /bill/getBillType HTTP/1.1" 200 482 "http://localhost:9527/" "Mozilla/5.0 (Windows NT 10.0; Win64; x64) AppleWebKit/537.36 (KHTML, like Gecko) Chrome/78.0.3904.108 Safari/537.36"
::1 - - [11/Dec/2019:05:57:26 +0000] "POST /manager/getBillCount HTTP/1.1" 200 156 "http://localhost:9527/" "Mozilla/5.0 (Windows NT 10.0; Win64; x64) AppleWebKit/537.36 (KHTML, like Gecko) Chrome/78.0.3904.108 Safari/537.36"
::1 - - [11/Dec/2019:05:57:26 +0000] "POST /manager/getCensus HTTP/1.1" 200 64 "http://localhost:9527/" "Mozilla/5.0 (Windows NT 10.0; Win64; x64) AppleWebKit/537.36 (KHTML, like Gecko) Chrome/78.0.3904.108 Safari/537.36"
::1 - - [11/Dec/2019:05:57:26 +0000] "POST /manager/getBillTypeCount HTTP/1.1" 200 20 "http://localhost:9527/" "Mozilla/5.0 (Windows NT 10.0; Win64; x64) AppleWebKit/537.36 (KHTML, like Gecko) Chrome/78.0.3904.108 Safari/537.36"
